Build started 11/05/2017 14:38:21.
     1>Project "C:\Users\hurtado\Documents\myprojects\Visualizer-OpenGL-4.0\build\src\main.vcxproj" on node 2 (Rebuild target(s)).
     1>CustomBuild:
         Building Custom Rule C:/Users/hurtado/Documents/myprojects/Visualizer-OpenGL-4.0/src/CMakeLists.txt
         CMake does not need to re-run because C:/Users/hurtado/Documents/myprojects/Visualizer-OpenGL-4.0/build/src/CMakeFiles/generate.stamp is up-to-date.
       ClCompile:
         C:\Program Files (x86)\Microsoft Visual Studio 12.0\VC\bin\x86_amd64\CL.exe /c /I"C:\Users\hurtado\Documents\myprojects\Visualizer-OpenGL-4.0\build\src" /I"C:\Users\hurtado\Documents\myprojects\Visualizer-OpenGL-4.0\src" /I"C:\Users\hurtado\Documents\myprojects\Visualizer-OpenGL-4.0\src\..\dependencies\Qt\include" /I"C:\Users\hurtado\Documents\myprojects\Visualizer-OpenGL-4.0\src\..\dependencies\glew\include" /I"C:\Users\hurtado\Documents\myprojects\Visualizer-OpenGL-4.0\src\..\dependencies\glm" /I"C:\Users\hurtado\Documents\myprojects\Visualizer-OpenGL-4.0\src\..\dependencies\OpenMesh\include" /Zi /nologo /W3 /WX- /Od /Ob0 /D WIN32 /D _WINDOWS /D _USE_MATH_DEFINES /D "CMAKE_INTDIR=\"Debug\"" /D _MBCS /Gm- /EHsc /RTC1 /MDd /GS /fp:precise /Zc:wchar_t /Zc:forScope /GR /Fo"main.dir\Debug\\" /Fd"main.dir\Debug\vc120.pdb" /Gd /TP /errorReport:prompt "C:\Users\hurtado\Documents\myprojects\Visualizer-OpenGL-4.0\src\main.cpp" "C:\Users\hurtado\Documents\myprojects\Visualizer-OpenGL-4.0\src\mesh\denoising.cpp" "C:\Users\hurtado\Documents\myprojects\Visualizer-OpenGL-4.0\src\mesh\iomesh.cpp" "C:\Users\hurtado\Documents\myprojects\Visualizer-OpenGL-4.0\src\mesh\neighborhood.cpp" "C:\Users\hurtado\Documents\myprojects\Visualizer-OpenGL-4.0\src\mesh\util.cpp" "C:\Users\hurtado\Documents\myprojects\Visualizer-OpenGL-4.0\src\myGLWindow.cpp" "C:\Users\hurtado\Documents\myprojects\Visualizer-OpenGL-4.0\src\visualization\myCamera.cpp" "C:\Users\hurtado\Documents\myprojects\Visualizer-OpenGL-4.0\src\visualization\myRenderer.cpp" "C:\Users\hurtado\Documents\myprojects\Visualizer-OpenGL-4.0\src\visualization\myShader.cpp" "C:\Users\hurtado\Documents\myprojects\Visualizer-OpenGL-4.0\src\visualization\myShape.cpp"
         main.cpp
         denoising.cpp
         iomesh.cpp
         neighborhood.cpp
         util.cpp
         myGLWindow.cpp
         myCamera.cpp
         myRenderer.cpp
         myShader.cpp
         myShape.cpp
         Generating Code...
       Link:
         C:\Program Files (x86)\Microsoft Visual Studio 12.0\VC\bin\x86_amd64\link.exe /ERRORREPORT:PROMPT /OUT:"C:\Users\hurtado\Documents\myprojects\Visualizer-OpenGL-4.0\build\src\Debug\main.exe" /INCREMENTAL /NOLOGO /LIBPATH:"C:/Users/hurtado/Documents/myprojects/Visualizer-OpenGL-4.0/src/../dependencies/Qt/lib" /LIBPATH:"C:/Users/hurtado/Documents/myprojects/Visualizer-OpenGL-4.0/src/../dependencies/Qt/lib/Debug" /LIBPATH:"C:/Users/hurtado/Documents/myprojects/Visualizer-OpenGL-4.0/src/../dependencies/glew/lib" /LIBPATH:"C:/Users/hurtado/Documents/myprojects/Visualizer-OpenGL-4.0/src/../dependencies/glew/lib/Debug" /LIBPATH:"C:/Users/hurtado/Documents/myprojects/Visualizer-OpenGL-4.0/src/../dependencies/OpenMesh/lib" /LIBPATH:"C:/Users/hurtado/Documents/myprojects/Visualizer-OpenGL-4.0/src/../dependencies/OpenMesh/lib/Debug" kernel32.lib user32.lib gdi32.lib winspool.lib shell32.lib ole32.lib oleaut32.lib uuid.lib comdlg32.lib advapi32.lib opengl32.lib Qt5Cored.lib Qt5Guid.lib Qt5OpenGld.lib Qt5Widgetsd.lib OpenMeshCored.lib glew32.lib glew32s.lib /MANIFEST /MANIFESTUAC:"level='asInvoker' uiAccess='false'" /manifest:embed /DEBUG /PDB:"C:/Users/hurtado/Documents/myprojects/Visualizer-OpenGL-4.0/build/src/Debug/main.pdb" /SUBSYSTEM:CONSOLE /TLBID:1 /DYNAMICBASE /NXCOMPAT /IMPLIB:"C:/Users/hurtado/Documents/myprojects/Visualizer-OpenGL-4.0/build/src/Debug/main.lib" /MACHINE:X64   /machine:x64 main.dir\Debug\main.obj
         main.dir\Debug\denoising.obj
         main.dir\Debug\iomesh.obj
         main.dir\Debug\neighborhood.obj
         main.dir\Debug\util.obj
         main.dir\Debug\myGLWindow.obj
         main.dir\Debug\myCamera.obj
         main.dir\Debug\myRenderer.obj
         main.dir\Debug\myShader.obj
         main.dir\Debug\myShape.obj
         main.vcxproj -> C:\Users\hurtado\Documents\myprojects\Visualizer-OpenGL-4.0\build\src\Debug\main.exe
     1>Done Building Project "C:\Users\hurtado\Documents\myprojects\Visualizer-OpenGL-4.0\build\src\main.vcxproj" (Rebuild target(s)).

Build succeeded.

Time Elapsed 00:00:12.46
