c:\users\hurtado\documents\myprojects\visualizer-opengl-4.0\build\src\main.dir\release\myshape.obj
c:\users\hurtado\documents\myprojects\visualizer-opengl-4.0\build\src\main.dir\release\myshader.obj
c:\users\hurtado\documents\myprojects\visualizer-opengl-4.0\build\src\main.dir\release\myrenderer.obj
c:\users\hurtado\documents\myprojects\visualizer-opengl-4.0\build\src\main.dir\release\mycamera.obj
c:\users\hurtado\documents\myprojects\visualizer-opengl-4.0\build\src\main.dir\release\myglwindow.obj
c:\users\hurtado\documents\myprojects\visualizer-opengl-4.0\build\src\main.dir\release\util.obj
c:\users\hurtado\documents\myprojects\visualizer-opengl-4.0\build\src\main.dir\release\neighborhood.obj
c:\users\hurtado\documents\myprojects\visualizer-opengl-4.0\build\src\main.dir\release\iomesh.obj
c:\users\hurtado\documents\myprojects\visualizer-opengl-4.0\build\src\main.dir\release\denoising.obj
c:\users\hurtado\documents\myprojects\visualizer-opengl-4.0\build\src\main.dir\release\main.obj
c:\users\hurtado\documents\myprojects\visualizer-opengl-4.0\build\src\cmakefiles\generate.stamp
c:\users\hurtado\documents\myprojects\visualizer-opengl-4.0\build\src\release\main.exe
c:\users\hurtado\documents\myprojects\visualizer-opengl-4.0\build\src\main.dir\release\main.tlog\cl.command.1.tlog
c:\users\hurtado\documents\myprojects\visualizer-opengl-4.0\build\src\main.dir\release\main.tlog\cl.read.1.tlog
c:\users\hurtado\documents\myprojects\visualizer-opengl-4.0\build\src\main.dir\release\main.tlog\cl.write.1.tlog
c:\users\hurtado\documents\myprojects\visualizer-opengl-4.0\build\src\main.dir\release\main.tlog\custombuild.command.1.tlog
c:\users\hurtado\documents\myprojects\visualizer-opengl-4.0\build\src\main.dir\release\main.tlog\custombuild.read.1.tlog
c:\users\hurtado\documents\myprojects\visualizer-opengl-4.0\build\src\main.dir\release\main.tlog\custombuild.write.1.tlog
c:\users\hurtado\documents\myprojects\visualizer-opengl-4.0\build\src\main.dir\release\main.tlog\link.command.1.tlog
c:\users\hurtado\documents\myprojects\visualizer-opengl-4.0\build\src\main.dir\release\main.tlog\link.read.1.tlog
c:\users\hurtado\documents\myprojects\visualizer-opengl-4.0\build\src\main.dir\release\main.tlog\link.write.1.tlog
